# JRE version: Java(TM) SE Runtime Environment (8.0_31-b13) (build 1.8.0_31-b13)
# Java VM: Java HotSpot(TM) 64-Bit Server VM (25.31-b07 mixed mode bsd-amd64 compressed oops)
Heap:
 PSYoungGen      total 160256K, used 33504K [0x00000007aab00000, 0x00000007bd200000, 0x00000007c0000000)
  eden space 159744K, 20% used [0x00000007aab00000,0x00000007acba0188,0x00000007b4700000)
  from space 512K, 18% used [0x00000007bd100000,0x00000007bd118000,0x00000007bd180000)
  to   space 512K, 0% used [0x00000007bd180000,0x00000007bd180000,0x00000007bd200000)
 ParOldGen       total 44032K, used 7003K [0x0000000780000000, 0x0000000782b00000, 0x00000007aab00000)
  object space 44032K, 15% used [0x0000000780000000,0x00000007806d6e40,0x0000000782b00000)
 Metaspace       used 12889K, capacity 13290K, committed 13440K, reserved 1060864K
  class space    used 1792K, capacity 1898K, committed 1920K, reserved 1048576K
GC Heap History (10 events):
Event: 25.645 GC heap before
{Heap before GC invocations=273 (full 0):
 PSYoungGen      total 100864K, used 100448K [0x00000007aab00000, 0x00000007bd200000, 0x00000007c0000000)
  eden space 100352K, 100% used [0x00000007aab00000,0x00000007b0d00000,0x00000007b0d00000)
  from space 512K, 18% used [0x00000007bd180000,0x00000007bd198000,0x00000007bd200000)
  to   space 512K, 0% used [0x00000007bd100000,0x00000007bd100000,0x00000007bd180000)
 ParOldGen       total 44032K, used 6963K [0x0000000780000000, 0x0000000782b00000, 0x00000007aab00000)
  object space 44032K, 15% used [0x0000000780000000,0x00000007806cce40,0x0000000782b00000)
 Metaspace       used 12711K, capacity 13158K, committed 13440K, reserved 1060864K
  class space    used 1755K, capacity 1858K, committed 1920K, reserved 1048576K
Event: 25.646 GC heap after
Heap after GC invocations=273 (full 0):
 PSYoungGen      total 121344K, used 64K [0x00000007aab00000, 0x00000007bd200000, 0x00000007c0000000)
  eden space 120832K, 0% used [0x00000007aab00000,0x00000007aab00000,0x00000007b2100000)
  from space 512K, 12% used [0x00000007bd100000,0x00000007bd110000,0x00000007bd180000)
  to   space 512K, 0% used [0x00000007bd180000,0x00000007bd180000,0x00000007bd200000)
 ParOldGen       total 44032K, used 6971K [0x0000000780000000, 0x0000000782b00000, 0x00000007aab00000)
  object space 44032K, 15% used [0x0000000780000000,0x00000007806cee40,0x0000000782b00000)
 Metaspace       used 12711K, capacity 13158K, committed 13440K, reserved 1060864K
  class space    used 1755K, capacity 1858K, committed 1920K, reserved 1048576K
}
Event: 25.712 GC heap before
{Heap before GC invocations=274 (full 0):
 PSYoungGen      total 121344K, used 120896K [0x00000007aab00000, 0x00000007bd200000, 0x00000007c0000000)
  eden space 120832K, 100% used [0x00000007aab00000,0x00000007b2100000,0x00000007b2100000)
  from space 512K, 12% used [0x00000007bd100000,0x00000007bd110000,0x00000007bd180000)
  to   space 512K, 0% used [0x00000007bd180000,0x00000007bd180000,0x00000007bd200000)
 ParOldGen       total 44032K, used 6971K [0x0000000780000000, 0x0000000782b00000, 0x00000007aab00000)
  object space 44032K, 15% used [0x0000000780000000,0x00000007806cee40,0x0000000782b00000)
 Metaspace       used 12712K, capacity 13158K, committed 13440K, reserved 1060864K
  class space    used 1755K, capacity 1858K, committed 1920K, reserved 1048576K
Event: 25.713 GC heap after
Heap after GC invocations=274 (full 0):
 PSYoungGen      total 145920K, used 96K [0x00000007aab00000, 0x00000007bd200000, 0x00000007c0000000)
  eden space 145408K, 0% used [0x00000007aab00000,0x00000007aab00000,0x00000007b3900000)
  from space 512K, 18% used [0x00000007bd180000,0x00000007bd198000,0x00000007bd200000)
  to   space 512K, 0% used [0x00000007bd100000,0x00000007bd100000,0x00000007bd180000)
 ParOldGen       total 44032K, used 6971K [0x0000000780000000, 0x0000000782b00000, 0x00000007aab00000)
  object space 44032K, 15% used [0x0000000780000000,0x00000007806cee40,0x0000000782b00000)
 Metaspace       used 12712K, capacity 13158K, committed 13440K, reserved 1060864K
  class space    used 1755K, capacity 1858K, committed 1920K, reserved 1048576K
}
Event: 25.790 GC heap before
{Heap before GC invocations=275 (full 0):
 PSYoungGen      total 145920K, used 145504K [0x00000007aab00000, 0x00000007bd200000, 0x00000007c0000000)
  eden space 145408K, 100% used [0x00000007aab00000,0x00000007b3900000,0x00000007b3900000)
  from space 512K, 18% used [0x00000007bd180000,0x00000007bd198000,0x00000007bd200000)
  to   space 512K, 0% used [0x00000007bd100000,0x00000007bd100000,0x00000007bd180000)
 ParOldGen       total 44032K, used 6971K [0x0000000780000000, 0x0000000782b00000, 0x00000007aab00000)
  object space 44032K, 15% used [0x0000000780000000,0x00000007806cee40,0x0000000782b00000)
 Metaspace       used 12712K, capacity 13158K, committed 13440K, reserved 1060864K
  class space    used 1755K, capacity 1858K, committed 1920K, reserved 1048576K
Event: 25.791 GC heap after
Heap after GC invocations=275 (full 0):
 PSYoungGen      total 175104K, used 96K [0x00000007aab00000, 0x00000007bd200000, 0x00000007c0000000)
  eden space 174592K, 0% used [0x00000007aab00000,0x00000007aab00000,0x00000007b5580000)
  from space 512K, 18% used [0x00000007bd100000,0x00000007bd118000,0x00000007bd180000)
  to   space 512K, 0% used [0x00000007bd180000,0x00000007bd180000,0x00000007bd200000)
 ParOldGen       total 44032K, used 6979K [0x0000000780000000, 0x0000000782b00000, 0x00000007aab00000)
  object space 44032K, 15% used [0x0000000780000000,0x00000007806d0e40,0x0000000782b00000)
 Metaspace       used 12712K, capacity 13158K, committed 13440K, reserved 1060864K
  class space    used 1755K, capacity 1858K, committed 1920K, reserved 1048576K
}
Event: 25.888 GC heap before
{Heap before GC invocations=276 (full 0):
 PSYoungGen      total 175104K, used 174688K [0x00000007aab00000, 0x00000007bd200000, 0x00000007c0000000)
  eden space 174592K, 100% used [0x00000007aab00000,0x00000007b5580000,0x00000007b5580000)
  from space 512K, 18% used [0x00000007bd100000,0x00000007bd118000,0x00000007bd180000)
  to   space 512K, 0% used [0x00000007bd180000,0x00000007bd180000,0x00000007bd200000)
 ParOldGen       total 44032K, used 6979K [0x0000000780000000, 0x0000000782b00000, 0x00000007aab00000)
  object space 44032K, 15% used [0x0000000780000000,0x00000007806d0e40,0x0000000782b00000)
 Metaspace       used 12724K, capacity 13158K, committed 13440K, reserved 1060864K
  class space    used 1755K, capacity 1858K, committed 1920K, reserved 1048576K
Event: 25.889 GC heap after
Heap after GC invocations=276 (full 0):
 PSYoungGen      total 167424K, used 96K [0x00000007aab00000, 0x00000007bd200000, 0x00000007c0000000)
  eden space 166912K, 0% used [0x00000007aab00000,0x00000007aab00000,0x00000007b4e00000)
  from space 512K, 18% used [0x00000007bd180000,0x00000007bd198000,0x00000007bd200000)
  to   space 512K, 0% used [0x00000007bd100000,0x00000007bd100000,0x00000007bd180000)
 ParOldGen       total 44032K, used 6987K [0x0000000780000000, 0x0000000782b00000, 0x00000007aab00000)
  object space 44032K, 15% used [0x0000000780000000,0x00000007806d2e40,0x0000000782b00000)
 Metaspace       used 12724K, capacity 13158K, committed 13440K, reserved 1060864K
  class space    used 1755K, capacity 1858K, committed 1920K, reserved 1048576K
}
Event: 25.991 GC heap before
{Heap before GC invocations=277 (full 0):
 PSYoungGen      total 167424K, used 167008K [0x00000007aab00000, 0x00000007bd200000, 0x00000007c0000000)
  eden space 166912K, 100% used [0x00000007aab00000,0x00000007b4e00000,0x00000007b4e00000)
  from space 512K, 18% used [0x00000007bd180000,0x00000007bd198000,0x00000007bd200000)
  to   space 512K, 0% used [0x00000007bd100000,0x00000007bd100000,0x00000007bd180000)
 ParOldGen       total 44032K, used 6987K [0x0000000780000000, 0x0000000782b00000, 0x00000007aab00000)
  object space 44032K, 15% used [0x0000000780000000,0x00000007806d2e40,0x0000000782b00000)
 Metaspace       used 12727K, capacity 13158K, committed 13440K, reserved 1060864K
  class space    used 1755K, capacity 1858K, committed 1920K, reserved 1048576K
Event: 25.992 GC heap after
Heap after GC invocations=277 (full 0):
 PSYoungGen      total 160256K, used 96K [0x00000007aab00000, 0x00000007bd200000, 0x00000007c0000000)
  eden space 159744K, 0% used [0x00000007aab00000,0x00000007aab00000,0x00000007b4700000)
  from space 512K, 18% used [0x00000007bd100000,0x00000007bd118000,0x00000007bd180000)
  to   space 512K, 0% used [0x00000007bd180000,0x00000007bd180000,0x00000007bd200000)
 ParOldGen       total 44032K, used 7003K [0x0000000780000000, 0x0000000782b00000, 0x00000007aab00000)
  object space 44032K, 15% used [0x0000000780000000,0x00000007806d6e40,0x0000000782b00000)
 Metaspace       used 12727K, capacity 13158K, committed 13440K, reserved 1060864K
  class space    used 1755K, capacity 1858K, committed 1920K, reserved 1048576K
}

