# JRE version: Java(TM) SE Runtime Environment (8.0_31-b13) (build 1.8.0_31-b13)
# Java VM: Java HotSpot(TM) 64-Bit Server VM (25.31-b07 mixed mode bsd-amd64 compressed oops)
Heap:
 PSYoungGen      total 251904K, used 115217K [0x00000007aab00000, 0x00000007bd900000, 0x00000007c0000000)
  eden space 251392K, 45% used [0x00000007aab00000,0x00000007b1b64618,0x00000007ba080000)
  from space 512K, 25% used [0x00000007bd880000,0x00000007bd8a0000,0x00000007bd900000)
  to   space 512K, 0% used [0x00000007bd800000,0x00000007bd800000,0x00000007bd880000)
 ParOldGen       total 44032K, used 6588K [0x0000000780000000, 0x0000000782b00000, 0x00000007aab00000)
  object space 44032K, 14% used [0x0000000780000000,0x000000078066f3b0,0x0000000782b00000)
 Metaspace       used 12660K, capacity 13076K, committed 13184K, reserved 1060864K
  class space    used 1788K, capacity 1897K, committed 1920K, reserved 1048576K
GC Heap History (10 events):
Event: 9.502 GC heap before
{Heap before GC invocations=64 (full 0):
 PSYoungGen      total 160256K, used 159840K [0x00000007aab00000, 0x00000007bd900000, 0x00000007c0000000)
  eden space 159744K, 100% used [0x00000007aab00000,0x00000007b4700000,0x00000007b4700000)
  from space 512K, 18% used [0x00000007bd800000,0x00000007bd818000,0x00000007bd880000)
  to   space 512K, 0% used [0x00000007bd880000,0x00000007bd880000,0x00000007bd900000)
 ParOldGen       total 44032K, used 6500K [0x0000000780000000, 0x0000000782b00000, 0x00000007aab00000)
  object space 44032K, 14% used [0x0000000780000000,0x00000007806593b0,0x0000000782b00000)
 Metaspace       used 12253K, capacity 12630K, committed 12928K, reserved 1060864K
  class space    used 1718K, capacity 1842K, committed 1920K, reserved 1048576K
Event: 9.504 GC heap after
Heap after GC invocations=64 (full 0):
 PSYoungGen      total 192512K, used 128K [0x00000007aab00000, 0x00000007bd900000, 0x00000007c0000000)
  eden space 192000K, 0% used [0x00000007aab00000,0x00000007aab00000,0x00000007b6680000)
  from space 512K, 25% used [0x00000007bd880000,0x00000007bd8a0000,0x00000007bd900000)
  to   space 512K, 0% used [0x00000007bd800000,0x00000007bd800000,0x00000007bd880000)
 ParOldGen       total 44032K, used 6516K [0x0000000780000000, 0x0000000782b00000, 0x00000007aab00000)
  object space 44032K, 14% used [0x0000000780000000,0x000000078065d3b0,0x0000000782b00000)
 Metaspace       used 12253K, capacity 12630K, committed 12928K, reserved 1060864K
  class space    used 1718K, capacity 1842K, committed 1920K, reserved 1048576K
}
Event: 9.615 GC heap before
{Heap before GC invocations=65 (full 0):
 PSYoungGen      total 192512K, used 192128K [0x00000007aab00000, 0x00000007bd900000, 0x00000007c0000000)
  eden space 192000K, 100% used [0x00000007aab00000,0x00000007b6680000,0x00000007b6680000)
  from space 512K, 25% used [0x00000007bd880000,0x00000007bd8a0000,0x00000007bd900000)
  to   space 512K, 0% used [0x00000007bd800000,0x00000007bd800000,0x00000007bd880000)
 ParOldGen       total 44032K, used 6516K [0x0000000780000000, 0x0000000782b00000, 0x00000007aab00000)
  object space 44032K, 14% used [0x0000000780000000,0x000000078065d3b0,0x0000000782b00000)
 Metaspace       used 12254K, capacity 12630K, committed 12928K, reserved 1060864K
  class space    used 1718K, capacity 1842K, committed 1920K, reserved 1048576K
Event: 9.616 GC heap after
Heap after GC invocations=65 (full 0):
 PSYoungGen      total 230912K, used 96K [0x00000007aab00000, 0x00000007bd900000, 0x00000007c0000000)
  eden space 230400K, 0% used [0x00000007aab00000,0x00000007aab00000,0x00000007b8c00000)
  from space 512K, 18% used [0x00000007bd800000,0x00000007bd818000,0x00000007bd880000)
  to   space 512K, 0% used [0x00000007bd880000,0x00000007bd880000,0x00000007bd900000)
 ParOldGen       total 44032K, used 6540K [0x0000000780000000, 0x0000000782b00000, 0x00000007aab00000)
  object space 44032K, 14% used [0x0000000780000000,0x00000007806633b0,0x0000000782b00000)
 Metaspace       used 12254K, capacity 12630K, committed 12928K, reserved 1060864K
  class space    used 1718K, capacity 1842K, committed 1920K, reserved 1048576K
}
Event: 9.751 GC heap before
{Heap before GC invocations=66 (full 0):
 PSYoungGen      total 230912K, used 230496K [0x00000007aab00000, 0x00000007bd900000, 0x00000007c0000000)
  eden space 230400K, 100% used [0x00000007aab00000,0x00000007b8c00000,0x00000007b8c00000)
  from space 512K, 18% used [0x00000007bd800000,0x00000007bd818000,0x00000007bd880000)
  to   space 512K, 0% used [0x00000007bd880000,0x00000007bd880000,0x00000007bd900000)
 ParOldGen       total 44032K, used 6540K [0x0000000780000000, 0x0000000782b00000, 0x00000007aab00000)
  object space 44032K, 14% used [0x0000000780000000,0x00000007806633b0,0x0000000782b00000)
 Metaspace       used 12288K, capacity 12694K, committed 12928K, reserved 1060864K
  class space    used 1718K, capacity 1842K, committed 1920K, reserved 1048576K
Event: 9.752 GC heap after
Heap after GC invocations=66 (full 0):
 PSYoungGen      total 276992K, used 96K [0x00000007aab00000, 0x00000007bd900000, 0x00000007c0000000)
  eden space 276480K, 0% used [0x00000007aab00000,0x00000007aab00000,0x00000007bb900000)
  from space 512K, 18% used [0x00000007bd880000,0x00000007bd898000,0x00000007bd900000)
  to   space 512K, 0% used [0x00000007bd800000,0x00000007bd800000,0x00000007bd880000)
 ParOldGen       total 44032K, used 6548K [0x0000000780000000, 0x0000000782b00000, 0x00000007aab00000)
  object space 44032K, 14% used [0x0000000780000000,0x00000007806653b0,0x0000000782b00000)
 Metaspace       used 12288K, capacity 12694K, committed 12928K, reserved 1060864K
  class space    used 1718K, capacity 1842K, committed 1920K, reserved 1048576K
}
Event: 9.912 GC heap before
{Heap before GC invocations=67 (full 0):
 PSYoungGen      total 276992K, used 276576K [0x00000007aab00000, 0x00000007bd900000, 0x00000007c0000000)
  eden space 276480K, 100% used [0x00000007aab00000,0x00000007bb900000,0x00000007bb900000)
  from space 512K, 18% used [0x00000007bd880000,0x00000007bd898000,0x00000007bd900000)
  to   space 512K, 0% used [0x00000007bd800000,0x00000007bd800000,0x00000007bd880000)
 ParOldGen       total 44032K, used 6548K [0x0000000780000000, 0x0000000782b00000, 0x00000007aab00000)
  object space 44032K, 14% used [0x0000000780000000,0x00000007806653b0,0x0000000782b00000)
 Metaspace       used 12295K, capacity 12702K, committed 12928K, reserved 1060864K
  class space    used 1718K, capacity 1842K, committed 1920K, reserved 1048576K
Event: 9.913 GC heap after
Heap after GC invocations=67 (full 0):
 PSYoungGen      total 264192K, used 96K [0x00000007aab00000, 0x00000007bd900000, 0x00000007c0000000)
  eden space 263680K, 0% used [0x00000007aab00000,0x00000007aab00000,0x00000007bac80000)
  from space 512K, 18% used [0x00000007bd800000,0x00000007bd818000,0x00000007bd880000)
  to   space 512K, 0% used [0x00000007bd880000,0x00000007bd880000,0x00000007bd900000)
 ParOldGen       total 44032K, used 6572K [0x0000000780000000, 0x0000000782b00000, 0x00000007aab00000)
  object space 44032K, 14% used [0x0000000780000000,0x000000078066b3b0,0x0000000782b00000)
 Metaspace       used 12295K, capacity 12702K, committed 12928K, reserved 1060864K
  class space    used 1718K, capacity 1842K, committed 1920K, reserved 1048576K
}
Event: 10.066 GC heap before
{Heap before GC invocations=68 (full 0):
 PSYoungGen      total 264192K, used 263776K [0x00000007aab00000, 0x00000007bd900000, 0x00000007c0000000)
  eden space 263680K, 100% used [0x00000007aab00000,0x00000007bac80000,0x00000007bac80000)
  from space 512K, 18% used [0x00000007bd800000,0x00000007bd818000,0x00000007bd880000)
  to   space 512K, 0% used [0x00000007bd880000,0x00000007bd880000,0x00000007bd900000)
 ParOldGen       total 44032K, used 6572K [0x0000000780000000, 0x0000000782b00000, 0x00000007aab00000)
  object space 44032K, 14% used [0x0000000780000000,0x000000078066b3b0,0x0000000782b00000)
 Metaspace       used 12297K, capacity 12702K, committed 12928K, reserved 1060864K
  class space    used 1718K, capacity 1842K, committed 1920K, reserved 1048576K
Event: 10.067 GC heap after
Heap after GC invocations=68 (full 0):
 PSYoungGen      total 251904K, used 128K [0x00000007aab00000, 0x00000007bd900000, 0x00000007c0000000)
  eden space 251392K, 0% used [0x00000007aab00000,0x00000007aab00000,0x00000007ba080000)
  from space 512K, 25% used [0x00000007bd880000,0x00000007bd8a0000,0x00000007bd900000)
  to   space 512K, 0% used [0x00000007bd800000,0x00000007bd800000,0x00000007bd880000)
 ParOldGen       total 44032K, used 6588K [0x0000000780000000, 0x0000000782b00000, 0x00000007aab00000)
  object space 44032K, 14% used [0x0000000780000000,0x000000078066f3b0,0x0000000782b00000)
 Metaspace       used 12297K, capacity 12702K, committed 12928K, reserved 1060864K
  class space    used 1718K, capacity 1842K, committed 1920K, reserved 1048576K
}

